2018-07-31 17:15:09.954  INFO 4500 --- [main] c.b.integration.IntegrationApplication   : Starting IntegrationApplication on CN-20160411JKEA with PID 4500 (C:\Users\Administrator\Desktop\myGitHub\Boot-Integration\target\classes started by Administrator in C:\Users\Administrator\Desktop\myGitHub\Boot-Integration)
2018-07-31 17:15:09.958  INFO 4500 --- [main] c.b.integration.IntegrationApplication   : The following profiles are active: test
2018-07-31 17:15:10.077  INFO 4500 --- [main] ationConfigEmbeddedWebApplicationContext : Refreshing org.springframework.boot.context.embedded.AnnotationConfigEmbeddedWebApplicationContext@47faa49c: startup date [Tue Jul 31 17:15:10 CST 2018]; root of context hierarchy
2018-07-31 17:15:11.973  INFO 4500 --- [main] .s.d.r.c.RepositoryConfigurationDelegate : Multiple Spring Data modules found, entering strict repository configuration mode!
2018-07-31 17:15:12.472  INFO 4500 --- [main] trationDelegate$BeanPostProcessorChecker : Bean 'org.springframework.transaction.annotation.ProxyTransactionManagementConfiguration' of type [class org.springframework.transaction.annotation.ProxyTransactionManagementConfiguration$$EnhancerBySpringCGLIB$$e45edec7] is not eligible for getting processed by all BeanPostProcessors (for example: not eligible for auto-proxying)
2018-07-31 17:15:12.519  INFO 4500 --- [main] trationDelegate$BeanPostProcessorChecker : Bean 'org.springframework.security.config.annotation.configuration.ObjectPostProcessorConfiguration' of type [class org.springframework.security.config.annotation.configuration.ObjectPostProcessorConfiguration$$EnhancerBySpringCGLIB$$7d0ca701] is not eligible for getting processed by all BeanPostProcessors (for example: not eligible for auto-proxying)
2018-07-31 17:15:12.529  INFO 4500 --- [main] trationDelegate$BeanPostProcessorChecker : Bean 'objectPostProcessor' of type [class org.springframework.security.config.annotation.configuration.AutowireBeanFactoryObjectPostProcessor] is not eligible for getting processed by all BeanPostProcessors (for example: not eligible for auto-proxying)
2018-07-31 17:15:12.533  INFO 4500 --- [main] trationDelegate$BeanPostProcessorChecker : Bean 'org.springframework.security.access.expression.method.DefaultMethodSecurityExpressionHandler@58b5a2f3' of type [class org.springframework.security.oauth2.provider.expression.OAuth2MethodSecurityExpressionHandler] is not eligible for getting processed by all BeanPostProcessors (for example: not eligible for auto-proxying)
2018-07-31 17:15:12.543  INFO 4500 --- [main] trationDelegate$BeanPostProcessorChecker : Bean 'org.springframework.security.config.annotation.method.configuration.GlobalMethodSecurityConfiguration' of type [class org.springframework.security.config.annotation.method.configuration.GlobalMethodSecurityConfiguration$$EnhancerBySpringCGLIB$$a1e149b3] is not eligible for getting processed by all BeanPostProcessors (for example: not eligible for auto-proxying)
2018-07-31 17:15:12.569  INFO 4500 --- [main] trationDelegate$BeanPostProcessorChecker : Bean 'methodSecurityMetadataSource' of type [class org.springframework.security.access.method.DelegatingMethodSecurityMetadataSource] is not eligible for getting processed by all BeanPostProcessors (for example: not eligible for auto-proxying)
2018-07-31 17:15:13.072  INFO 4500 --- [main] s.b.c.e.t.TomcatEmbeddedServletContainer : Tomcat initialized with port(s): 6060 (http)
2018-07-31 17:15:13.084  INFO 4500 --- [main] o.apache.catalina.core.StandardService   : Starting service Tomcat
2018-07-31 17:15:13.086  INFO 4500 --- [main] org.apache.catalina.core.StandardEngine  : Starting Servlet Engine: Apache Tomcat/8.5.11
2018-07-31 17:15:13.203  INFO 4500 --- [localhost-startStop-1] o.a.c.c.C.[.[localhost].[/design]        : Initializing Spring embedded WebApplicationContext
2018-07-31 17:15:13.203  INFO 4500 --- [localhost-startStop-1] o.s.web.context.ContextLoader            : Root WebApplicationContext: initialization completed in 3128 ms
2018-07-31 17:15:13.419  INFO 4500 --- [localhost-startStop-1] o.s.b.w.servlet.FilterRegistrationBean   : Mapping filter: 'characterEncodingFilter' to: [/*]
2018-07-31 17:15:13.421  INFO 4500 --- [localhost-startStop-1] .s.DelegatingFilterProxyRegistrationBean : Mapping filter: 'springSecurityFilterChain' to: [/*]
2018-07-31 17:15:13.421  INFO 4500 --- [localhost-startStop-1] o.s.b.w.servlet.FilterRegistrationBean   : Mapping filter: 'corsFilter' to: [/*]
2018-07-31 17:15:13.421  INFO 4500 --- [localhost-startStop-1] o.s.b.w.servlet.ServletRegistrationBean  : Mapping servlet: 'dispatcherServlet' to [/]
2018-07-31 17:15:14.166  INFO 4500 --- [main] com.alibaba.druid.pool.DruidDataSource   : {dataSource-1} inited
2018-07-31 17:15:14.792  INFO 4500 --- [main] .s.o.p.e.FrameworkEndpointHandlerMapping : Mapped "{[/oauth/authorize]}" onto public org.springframework.web.servlet.ModelAndView org.springframework.security.oauth2.provider.endpoint.AuthorizationEndpoint.authorize(java.util.Map<java.lang.String, java.lang.Object>,java.util.Map<java.lang.String, java.lang.String>,org.springframework.web.bind.support.SessionStatus,java.security.Principal)
2018-07-31 17:15:14.793  INFO 4500 --- [main] .s.o.p.e.FrameworkEndpointHandlerMapping : Mapped "{[/oauth/authorize],methods=[POST],params=[user_oauth_approval]}" onto public org.springframework.web.servlet.View org.springframework.security.oauth2.provider.endpoint.AuthorizationEndpoint.approveOrDeny(java.util.Map<java.lang.String, java.lang.String>,java.util.Map<java.lang.String, ?>,org.springframework.web.bind.support.SessionStatus,java.security.Principal)
2018-07-31 17:15:14.794  INFO 4500 --- [main] .s.o.p.e.FrameworkEndpointHandlerMapping : Mapped "{[/oauth/token],methods=[POST]}" onto public org.springframework.http.ResponseEntity<org.springframework.security.oauth2.common.OAuth2AccessToken> org.springframework.security.oauth2.provider.endpoint.TokenEndpoint.postAccessToken(java.security.Principal,java.util.Map<java.lang.String, java.lang.String>) throws org.springframework.web.HttpRequestMethodNotSupportedException
2018-07-31 17:15:14.794  INFO 4500 --- [main] .s.o.p.e.FrameworkEndpointHandlerMapping : Mapped "{[/oauth/token],methods=[GET]}" onto public org.springframework.http.ResponseEntity<org.springframework.security.oauth2.common.OAuth2AccessToken> org.springframework.security.oauth2.provider.endpoint.TokenEndpoint.getAccessToken(java.security.Principal,java.util.Map<java.lang.String, java.lang.String>) throws org.springframework.web.HttpRequestMethodNotSupportedException
2018-07-31 17:15:14.795  INFO 4500 --- [main] .s.o.p.e.FrameworkEndpointHandlerMapping : Mapped "{[/oauth/check_token]}" onto public java.util.Map<java.lang.String, ?> org.springframework.security.oauth2.provider.endpoint.CheckTokenEndpoint.checkToken(java.lang.String)
2018-07-31 17:15:14.796  INFO 4500 --- [main] .s.o.p.e.FrameworkEndpointHandlerMapping : Mapped "{[/oauth/confirm_access]}" onto public org.springframework.web.servlet.ModelAndView org.springframework.security.oauth2.provider.endpoint.WhitelabelApprovalEndpoint.getAccessConfirmation(java.util.Map<java.lang.String, java.lang.Object>,javax.servlet.http.HttpServletRequest) throws java.lang.Exception
2018-07-31 17:15:14.796  INFO 4500 --- [main] .s.o.p.e.FrameworkEndpointHandlerMapping : Mapped "{[/oauth/error]}" onto public org.springframework.web.servlet.ModelAndView org.springframework.security.oauth2.provider.endpoint.WhitelabelErrorEndpoint.handleError(javax.servlet.http.HttpServletRequest)
2018-07-31 17:15:15.116  INFO 4500 --- [main] o.s.s.web.DefaultSecurityFilterChain     : Creating filter chain: OrRequestMatcher [requestMatchers=[Ant [pattern='/oauth/token'], Ant [pattern='/oauth/token_key'], Ant [pattern='/oauth/check_token']]], [org.springframework.security.web.context.request.async.WebAsyncManagerIntegrationFilter@71dd4624, org.springframework.security.web.context.SecurityContextPersistenceFilter@37b1149b, org.springframework.security.web.header.HeaderWriterFilter@5e385b6f, org.springframework.security.web.authentication.logout.LogoutFilter@76828577, org.springframework.security.oauth2.provider.client.ClientCredentialsTokenEndpointFilter@53e93fb7, org.springframework.security.web.authentication.www.BasicAuthenticationFilter@18d30e7, org.springframework.security.web.savedrequest.RequestCacheAwareFilter@6fd1ea75, org.springframework.security.web.servletapi.SecurityContextHolderAwareRequestFilter@710ae6a7, org.springframework.security.web.authentication.AnonymousAuthenticationFilter@2347b7af, org.springframework.security.web.session.SessionManagementFilter@ca546a1, org.springframework.security.web.access.ExceptionTranslationFilter@4cecc15a, org.springframework.security.web.access.intercept.FilterSecurityInterceptor@4d67d5a4]
2018-07-31 17:15:15.132  INFO 4500 --- [main] o.s.s.web.DefaultSecurityFilterChain     : Creating filter chain: org.springframework.security.oauth2.config.annotation.web.configuration.ResourceServerConfiguration$NotOAuthRequestMatcher@54463380, [org.springframework.security.web.context.request.async.WebAsyncManagerIntegrationFilter@819fb19, org.springframework.security.web.context.SecurityContextPersistenceFilter@2026fbff, org.springframework.security.web.header.HeaderWriterFilter@5a4c98d7, org.springframework.security.web.authentication.logout.LogoutFilter@2b682e9, org.springframework.security.oauth2.provider.authentication.OAuth2AuthenticationProcessingFilter@1b8fa2fa, org.springframework.security.web.savedrequest.RequestCacheAwareFilter@baa227e, org.springframework.security.web.servletapi.SecurityContextHolderAwareRequestFilter@351e89fc, org.springframework.security.web.authentication.AnonymousAuthenticationFilter@782ac148, org.springframework.security.web.session.SessionManagementFilter@668a32a4, org.springframework.security.web.access.ExceptionTranslationFilter@2fb082ff, org.springframework.security.web.access.intercept.FilterSecurityInterceptor@3dc82e6a]
2018-07-31 17:15:15.140  INFO 4500 --- [main] o.s.s.web.DefaultSecurityFilterChain     : Creating filter chain: org.springframework.security.web.util.matcher.AnyRequestMatcher@1, [org.springframework.security.web.context.request.async.WebAsyncManagerIntegrationFilter@44384b4a, org.springframework.security.web.context.SecurityContextPersistenceFilter@561d88ee, org.springframework.security.web.header.HeaderWriterFilter@23afc725, org.springframework.security.web.csrf.CsrfFilter@49cb5030, org.springframework.security.web.authentication.logout.LogoutFilter@7e58f697, org.springframework.security.web.savedrequest.RequestCacheAwareFilter@2c34402, org.springframework.security.web.servletapi.SecurityContextHolderAwareRequestFilter@5f883d90, org.springframework.security.web.authentication.AnonymousAuthenticationFilter@5cc3e49b, org.springframework.security.web.session.SessionManagementFilter@5d3f99d7, org.springframework.security.web.access.ExceptionTranslationFilter@3e2d44f3]
2018-07-31 17:15:15.180  INFO 4500 --- [main] s.w.s.m.m.a.RequestMappingHandlerMapping : Mapped "{[/object/read],methods=[POST]}" onto public void com.boot.integration.controller.ObjectController.readValue(com.alibaba.fastjson.JSONObject)
2018-07-31 17:15:15.180  INFO 4500 --- [main] s.w.s.m.m.a.RequestMappingHandlerMapping : Mapped "{[/redis/set/multi],methods=[GET]}" onto public void com.boot.integration.controller.RedisController.setMultiValue()
2018-07-31 17:15:15.181  INFO 4500 --- [main] s.w.s.m.m.a.RequestMappingHandlerMapping : Mapped "{[/redis/get/multi],methods=[GET]}" onto public void com.boot.integration.controller.RedisController.getMultiValue()
2018-07-31 17:15:15.181  INFO 4500 --- [main] s.w.s.m.m.a.RequestMappingHandlerMapping : Mapped "{[/user/query/role],methods=[GET]}" onto public com.boot.integration.constant.ResponseDto<com.boot.integration.model.User> com.boot.integration.controller.UserController.queryUserRole()
2018-07-31 17:15:15.183  INFO 4500 --- [main] s.w.s.m.m.a.RequestMappingHandlerMapping : Mapped "{[/chat-room/{sender}/to/{receive}],methods=[GET]}" onto public void com.boot.integration.websocket.ChatRoomServerEndpoint.onMessage(java.lang.String,java.lang.String,java.lang.String)
2018-07-31 17:15:15.185  INFO 4500 --- [main] s.w.s.m.m.a.RequestMappingHandlerMapping : Mapped "{[/error]}" onto public org.springframework.http.ResponseEntity<java.util.Map<java.lang.String, java.lang.Object>> org.springframework.boot.autoconfigure.web.BasicErrorController.error(javax.servlet.http.HttpServletRequest)
2018-07-31 17:15:15.185  INFO 4500 --- [main] s.w.s.m.m.a.RequestMappingHandlerMapping : Mapped "{[/error],produces=[text/html]}" onto public org.springframework.web.servlet.ModelAndView org.springframework.boot.autoconfigure.web.BasicErrorController.errorHtml(javax.servlet.http.HttpServletRequest,javax.servlet.http.HttpServletResponse)
2018-07-31 17:15:15.345  INFO 4500 --- [main] o.s.w.s.handler.SimpleUrlHandlerMapping  : Mapped URL path [/static/**] onto handler of type [class org.springframework.web.servlet.resource.ResourceHttpRequestHandler]
2018-07-31 17:15:15.447  INFO 4500 --- [main] s.w.s.m.m.a.RequestMappingHandlerAdapter : Looking for @ControllerAdvice: org.springframework.boot.context.embedded.AnnotationConfigEmbeddedWebApplicationContext@47faa49c: startup date [Tue Jul 31 17:15:10 CST 2018]; root of context hierarchy
2018-07-31 17:15:15.511  INFO 4500 --- [main] o.s.s.c.ThreadPoolTaskScheduler          : Initializing ExecutorService  'defaultSockJsTaskScheduler'
2018-07-31 17:15:15.523  WARN 4500 --- [main] o.s.w.s.s.s.WebSocketHandlerMapping      : Neither 'urlMap' nor 'mappings' set on SimpleUrlHandlerMapping
2018-07-31 17:15:16.082  INFO 4500 --- [main] o.s.ui.freemarker.SpringTemplateLoader   : SpringTemplateLoader for FreeMarker: using resource loader [org.springframework.boot.context.embedded.AnnotationConfigEmbeddedWebApplicationContext@47faa49c: startup date [Tue Jul 31 17:15:10 CST 2018]; root of context hierarchy] and template loader path [classpath:/templates/]
2018-07-31 17:15:16.084  INFO 4500 --- [main] o.s.w.s.v.f.FreeMarkerConfigurer         : ClassTemplateLoader for Spring macros added to FreeMarker configuration
2018-07-31 17:15:16.126  WARN 4500 --- [main] o.s.b.a.f.FreeMarkerAutoConfiguration    : Cannot find template location(s): [classpath:/templates/] (please add some templates, check your FreeMarker configuration, or set spring.freemarker.checkTemplateLocation=false)
2018-07-31 17:15:16.266  INFO 4500 --- [main] o.s.w.s.s.s.ServerEndpointExporter       : Registering @ServerEndpoint class: class com.boot.integration.websocket.ChatRoomServerEndpoint
2018-07-31 17:15:16.280  INFO 4500 --- [main] o.s.j.e.a.AnnotationMBeanExporter        : Registering beans for JMX exposure on startup
2018-07-31 17:15:16.281  INFO 4500 --- [main] o.s.j.e.a.AnnotationMBeanExporter        : Bean with name 'dataSource' has been autodetected for JMX exposure
2018-07-31 17:15:16.288  INFO 4500 --- [main] o.s.j.e.a.AnnotationMBeanExporter        : Located MBean 'dataSource': registering with JMX server as MBean [com.alibaba.druid.pool:name=dataSource,type=DruidDataSource]
2018-07-31 17:15:16.293  INFO 4500 --- [main] o.s.c.support.DefaultLifecycleProcessor  : Starting beans in phase 2147483647
2018-07-31 17:15:16.348  INFO 4500 --- [main] s.b.c.e.t.TomcatEmbeddedServletContainer : Tomcat started on port(s): 6060 (http)
2018-07-31 17:15:16.354  INFO 4500 --- [main] c.b.integration.IntegrationApplication   : Started IntegrationApplication in 7.026 seconds (JVM running for 7.523)
2018-07-31 17:15:26.308  INFO 4500 --- [http-nio-6060-exec-1] o.a.c.c.C.[.[localhost].[/design]        : Initializing Spring FrameworkServlet 'dispatcherServlet'
2018-07-31 17:15:26.308  INFO 4500 --- [http-nio-6060-exec-1] o.s.web.servlet.DispatcherServlet        : FrameworkServlet 'dispatcherServlet': initialization started
2018-07-31 17:15:26.327  INFO 4500 --- [http-nio-6060-exec-1] o.s.web.servlet.DispatcherServlet        : FrameworkServlet 'dispatcherServlet': initialization completed in 19 ms
2018-07-31 17:15:26.435 DEBUG 4500 --- [http-nio-6060-exec-1] c.b.i.mapper.UserMapper.selectOne        : ==>  Preparing: SELECT id,username,password,version,creation_date FROM design_user WHERE username = ? 
2018-07-31 17:15:26.456 DEBUG 4500 --- [http-nio-6060-exec-1] c.b.i.mapper.UserMapper.selectOne        : ==> Parameters: haoyong(String)
2018-07-31 17:15:26.469 DEBUG 4500 --- [http-nio-6060-exec-1] c.b.i.mapper.UserMapper.selectOne        : <==      Total: 1
2018-07-31 17:15:26.471 DEBUG 4500 --- [http-nio-6060-exec-1] c.b.i.mapper.RoleMapper.queryRoleByUid   : ==>  Preparing: SELECT r.id,r.`name` FROM design_user u CROSS JOIN design_user_role ur ON u.id=ur.user_id CROSS JOIN design_role r ON ur.role_id=r.id AND u.id=? 
2018-07-31 17:15:26.471 DEBUG 4500 --- [http-nio-6060-exec-1] c.b.i.mapper.RoleMapper.queryRoleByUid   : ==> Parameters: 1(Long)
2018-07-31 17:15:26.474 DEBUG 4500 --- [http-nio-6060-exec-1] c.b.i.mapper.RoleMapper.queryRoleByUid   : <==      Total: 2
2018-07-31 17:19:18.105  INFO 12248 --- [main] c.b.integration.IntegrationApplication   : Starting IntegrationApplication on CN-20160411JKEA with PID 12248 (C:\Users\Administrator\Desktop\myGitHub\Boot-Integration\target\classes started by Administrator in C:\Users\Administrator\Desktop\myGitHub\Boot-Integration)
2018-07-31 17:19:18.107  INFO 12248 --- [main] c.b.integration.IntegrationApplication   : The following profiles are active: test
2018-07-31 17:19:18.314  INFO 12248 --- [main] ationConfigEmbeddedWebApplicationContext : Refreshing org.springframework.boot.context.embedded.AnnotationConfigEmbeddedWebApplicationContext@47faa49c: startup date [Tue Jul 31 17:19:18 CST 2018]; root of context hierarchy
2018-07-31 17:19:20.010  INFO 12248 --- [main] .s.d.r.c.RepositoryConfigurationDelegate : Multiple Spring Data modules found, entering strict repository configuration mode!
2018-07-31 17:19:20.491  INFO 12248 --- [main] trationDelegate$BeanPostProcessorChecker : Bean 'org.springframework.transaction.annotation.ProxyTransactionManagementConfiguration' of type [class org.springframework.transaction.annotation.ProxyTransactionManagementConfiguration$$EnhancerBySpringCGLIB$$8a775dab] is not eligible for getting processed by all BeanPostProcessors (for example: not eligible for auto-proxying)
2018-07-31 17:19:20.542  INFO 12248 --- [main] trationDelegate$BeanPostProcessorChecker : Bean 'org.springframework.security.config.annotation.configuration.ObjectPostProcessorConfiguration' of type [class org.springframework.security.config.annotation.configuration.ObjectPostProcessorConfiguration$$EnhancerBySpringCGLIB$$232525e5] is not eligible for getting processed by all BeanPostProcessors (for example: not eligible for auto-proxying)
2018-07-31 17:19:20.552  INFO 12248 --- [main] trationDelegate$BeanPostProcessorChecker : Bean 'objectPostProcessor' of type [class org.springframework.security.config.annotation.configuration.AutowireBeanFactoryObjectPostProcessor] is not eligible for getting processed by all BeanPostProcessors (for example: not eligible for auto-proxying)
2018-07-31 17:19:20.556  INFO 12248 --- [main] trationDelegate$BeanPostProcessorChecker : Bean 'org.springframework.security.access.expression.method.DefaultMethodSecurityExpressionHandler@25f15f50' of type [class org.springframework.security.oauth2.provider.expression.OAuth2MethodSecurityExpressionHandler] is not eligible for getting processed by all BeanPostProcessors (for example: not eligible for auto-proxying)
2018-07-31 17:19:20.564  INFO 12248 --- [main] trationDelegate$BeanPostProcessorChecker : Bean 'org.springframework.security.config.annotation.method.configuration.GlobalMethodSecurityConfiguration' of type [class org.springframework.security.config.annotation.method.configuration.GlobalMethodSecurityConfiguration$$EnhancerBySpringCGLIB$$47f9c897] is not eligible for getting processed by all BeanPostProcessors (for example: not eligible for auto-proxying)
2018-07-31 17:19:20.574  INFO 12248 --- [main] trationDelegate$BeanPostProcessorChecker : Bean 'methodSecurityMetadataSource' of type [class org.springframework.security.access.method.DelegatingMethodSecurityMetadataSource] is not eligible for getting processed by all BeanPostProcessors (for example: not eligible for auto-proxying)
2018-07-31 17:19:21.076  INFO 12248 --- [main] s.b.c.e.t.TomcatEmbeddedServletContainer : Tomcat initialized with port(s): 6060 (http)
2018-07-31 17:19:21.088  INFO 12248 --- [main] o.apache.catalina.core.StandardService   : Starting service Tomcat
2018-07-31 17:19:21.090  INFO 12248 --- [main] org.apache.catalina.core.StandardEngine  : Starting Servlet Engine: Apache Tomcat/8.5.11
2018-07-31 17:19:21.208  INFO 12248 --- [localhost-startStop-1] o.a.c.c.C.[.[localhost].[/design]        : Initializing Spring embedded WebApplicationContext
2018-07-31 17:19:21.208  INFO 12248 --- [localhost-startStop-1] o.s.web.context.ContextLoader            : Root WebApplicationContext: initialization completed in 2897 ms
2018-07-31 17:19:21.389  INFO 12248 --- [localhost-startStop-1] o.s.b.w.servlet.FilterRegistrationBean   : Mapping filter: 'characterEncodingFilter' to: [/*]
2018-07-31 17:19:21.390  INFO 12248 --- [localhost-startStop-1] .s.DelegatingFilterProxyRegistrationBean : Mapping filter: 'springSecurityFilterChain' to: [/*]
2018-07-31 17:19:21.391  INFO 12248 --- [localhost-startStop-1] o.s.b.w.servlet.FilterRegistrationBean   : Mapping filter: 'corsFilter' to: [/*]
2018-07-31 17:19:21.391  INFO 12248 --- [localhost-startStop-1] o.s.b.w.servlet.ServletRegistrationBean  : Mapping servlet: 'dispatcherServlet' to [/]
2018-07-31 17:19:21.945  INFO 12248 --- [main] com.alibaba.druid.pool.DruidDataSource   : {dataSource-1} inited
2018-07-31 17:19:22.665  INFO 12248 --- [main] .s.o.p.e.FrameworkEndpointHandlerMapping : Mapped "{[/oauth/authorize]}" onto public org.springframework.web.servlet.ModelAndView org.springframework.security.oauth2.provider.endpoint.AuthorizationEndpoint.authorize(java.util.Map<java.lang.String, java.lang.Object>,java.util.Map<java.lang.String, java.lang.String>,org.springframework.web.bind.support.SessionStatus,java.security.Principal)
2018-07-31 17:19:22.666  INFO 12248 --- [main] .s.o.p.e.FrameworkEndpointHandlerMapping : Mapped "{[/oauth/authorize],methods=[POST],params=[user_oauth_approval]}" onto public org.springframework.web.servlet.View org.springframework.security.oauth2.provider.endpoint.AuthorizationEndpoint.approveOrDeny(java.util.Map<java.lang.String, java.lang.String>,java.util.Map<java.lang.String, ?>,org.springframework.web.bind.support.SessionStatus,java.security.Principal)
2018-07-31 17:19:22.667  INFO 12248 --- [main] .s.o.p.e.FrameworkEndpointHandlerMapping : Mapped "{[/oauth/token],methods=[POST]}" onto public org.springframework.http.ResponseEntity<org.springframework.security.oauth2.common.OAuth2AccessToken> org.springframework.security.oauth2.provider.endpoint.TokenEndpoint.postAccessToken(java.security.Principal,java.util.Map<java.lang.String, java.lang.String>) throws org.springframework.web.HttpRequestMethodNotSupportedException
2018-07-31 17:19:22.667  INFO 12248 --- [main] .s.o.p.e.FrameworkEndpointHandlerMapping : Mapped "{[/oauth/token],methods=[GET]}" onto public org.springframework.http.ResponseEntity<org.springframework.security.oauth2.common.OAuth2AccessToken> org.springframework.security.oauth2.provider.endpoint.TokenEndpoint.getAccessToken(java.security.Principal,java.util.Map<java.lang.String, java.lang.String>) throws org.springframework.web.HttpRequestMethodNotSupportedException
2018-07-31 17:19:22.668  INFO 12248 --- [main] .s.o.p.e.FrameworkEndpointHandlerMapping : Mapped "{[/oauth/check_token]}" onto public java.util.Map<java.lang.String, ?> org.springframework.security.oauth2.provider.endpoint.CheckTokenEndpoint.checkToken(java.lang.String)
2018-07-31 17:19:22.670  INFO 12248 --- [main] .s.o.p.e.FrameworkEndpointHandlerMapping : Mapped "{[/oauth/confirm_access]}" onto public org.springframework.web.servlet.ModelAndView org.springframework.security.oauth2.provider.endpoint.WhitelabelApprovalEndpoint.getAccessConfirmation(java.util.Map<java.lang.String, java.lang.Object>,javax.servlet.http.HttpServletRequest) throws java.lang.Exception
2018-07-31 17:19:22.670  INFO 12248 --- [main] .s.o.p.e.FrameworkEndpointHandlerMapping : Mapped "{[/oauth/error]}" onto public org.springframework.web.servlet.ModelAndView org.springframework.security.oauth2.provider.endpoint.WhitelabelErrorEndpoint.handleError(javax.servlet.http.HttpServletRequest)
2018-07-31 17:19:23.139  INFO 12248 --- [main] o.s.s.web.DefaultSecurityFilterChain     : Creating filter chain: OrRequestMatcher [requestMatchers=[Ant [pattern='/oauth/token'], Ant [pattern='/oauth/token_key'], Ant [pattern='/oauth/check_token']]], [org.springframework.security.web.context.request.async.WebAsyncManagerIntegrationFilter@b3fc6d8, org.springframework.security.web.context.SecurityContextPersistenceFilter@489f62a3, org.springframework.security.web.header.HeaderWriterFilter@2c8a445b, org.springframework.security.web.authentication.logout.LogoutFilter@590013c7, org.springframework.security.oauth2.provider.client.ClientCredentialsTokenEndpointFilter@1f172892, org.springframework.security.web.authentication.www.BasicAuthenticationFilter@4e94669c, org.springframework.security.web.savedrequest.RequestCacheAwareFilter@3d0352, org.springframework.security.web.servletapi.SecurityContextHolderAwareRequestFilter@aca2fc3, org.springframework.security.web.authentication.AnonymousAuthenticationFilter@12e5d3e1, org.springframework.security.web.session.SessionManagementFilter@710ae6a7, org.springframework.security.web.access.ExceptionTranslationFilter@446c8c72, org.springframework.security.web.access.intercept.FilterSecurityInterceptor@2864f887]
2018-07-31 17:19:23.172  INFO 12248 --- [main] o.s.s.web.DefaultSecurityFilterChain     : Creating filter chain: org.springframework.security.oauth2.config.annotation.web.configuration.ResourceServerConfiguration$NotOAuthRequestMatcher@14874a5d, [org.springframework.security.web.context.request.async.WebAsyncManagerIntegrationFilter@49cb5030, org.springframework.security.web.context.SecurityContextPersistenceFilter@79d63a4f, org.springframework.security.web.header.HeaderWriterFilter@38bc5ac0, org.springframework.security.web.authentication.logout.LogoutFilter@1b3bec6c, org.springframework.security.oauth2.provider.authentication.OAuth2AuthenticationProcessingFilter@819fb19, org.springframework.security.web.savedrequest.RequestCacheAwareFilter@2e2b9f53, org.springframework.security.web.servletapi.SecurityContextHolderAwareRequestFilter@749baa0c, org.springframework.security.web.authentication.AnonymousAuthenticationFilter@23c7cb18, org.springframework.security.web.session.SessionManagementFilter@6ef037e4, org.springframework.security.web.access.ExceptionTranslationFilter@e2b3026, org.springframework.security.web.access.intercept.FilterSecurityInterceptor@12365bd8]
2018-07-31 17:19:23.181  INFO 12248 --- [main] o.s.s.web.DefaultSecurityFilterChain     : Creating filter chain: org.springframework.security.web.util.matcher.AnyRequestMatcher@1, [org.springframework.security.web.context.request.async.WebAsyncManagerIntegrationFilter@4fd80300, org.springframework.security.web.context.SecurityContextPersistenceFilter@3eac2e8a, org.springframework.security.web.header.HeaderWriterFilter@7bec8cb0, org.springframework.security.web.csrf.CsrfFilter@5f883d90, org.springframework.security.web.authentication.logout.LogoutFilter@10dfa7ef, org.springframework.security.web.savedrequest.RequestCacheAwareFilter@352f6727, org.springframework.security.web.servletapi.SecurityContextHolderAwareRequestFilter@2ab9e43e, org.springframework.security.web.authentication.AnonymousAuthenticationFilter@1805383, org.springframework.security.web.session.SessionManagementFilter@7d88fa9c, org.springframework.security.web.access.ExceptionTranslationFilter@4239262e]
2018-07-31 17:19:23.222  INFO 12248 --- [main] s.w.s.m.m.a.RequestMappingHandlerMapping : Mapped "{[/jsonObject/read],methods=[POST]}" onto public void com.boot.integration.controller.JSONObjectController.readValue(com.alibaba.fastjson.JSONObject)
2018-07-31 17:19:23.223  INFO 12248 --- [main] s.w.s.m.m.a.RequestMappingHandlerMapping : Mapped "{[/redis/set/multi],methods=[GET]}" onto public void com.boot.integration.controller.RedisController.setMultiValue()
2018-07-31 17:19:23.224  INFO 12248 --- [main] s.w.s.m.m.a.RequestMappingHandlerMapping : Mapped "{[/redis/get/multi],methods=[GET]}" onto public void com.boot.integration.controller.RedisController.getMultiValue()
2018-07-31 17:19:23.225  INFO 12248 --- [main] s.w.s.m.m.a.RequestMappingHandlerMapping : Mapped "{[/user/query/role],methods=[GET]}" onto public com.boot.integration.constant.ResponseDto<com.boot.integration.model.User> com.boot.integration.controller.UserController.queryUserRole()
2018-07-31 17:19:23.226  INFO 12248 --- [main] s.w.s.m.m.a.RequestMappingHandlerMapping : Mapped "{[/chat-room/{sender}/to/{receive}],methods=[GET]}" onto public void com.boot.integration.websocket.ChatRoomServerEndpoint.onMessage(java.lang.String,java.lang.String,java.lang.String)
2018-07-31 17:19:23.229  INFO 12248 --- [main] s.w.s.m.m.a.RequestMappingHandlerMapping : Mapped "{[/error]}" onto public org.springframework.http.ResponseEntity<java.util.Map<java.lang.String, java.lang.Object>> org.springframework.boot.autoconfigure.web.BasicErrorController.error(javax.servlet.http.HttpServletRequest)
2018-07-31 17:19:23.229  INFO 12248 --- [main] s.w.s.m.m.a.RequestMappingHandlerMapping : Mapped "{[/error],produces=[text/html]}" onto public org.springframework.web.servlet.ModelAndView org.springframework.boot.autoconfigure.web.BasicErrorController.errorHtml(javax.servlet.http.HttpServletRequest,javax.servlet.http.HttpServletResponse)
2018-07-31 17:19:23.267  INFO 12248 --- [main] o.s.w.s.handler.SimpleUrlHandlerMapping  : Mapped URL path [/static/**] onto handler of type [class org.springframework.web.servlet.resource.ResourceHttpRequestHandler]
2018-07-31 17:19:23.375  INFO 12248 --- [main] s.w.s.m.m.a.RequestMappingHandlerAdapter : Looking for @ControllerAdvice: org.springframework.boot.context.embedded.AnnotationConfigEmbeddedWebApplicationContext@47faa49c: startup date [Tue Jul 31 17:19:18 CST 2018]; root of context hierarchy
2018-07-31 17:19:23.454  INFO 12248 --- [main] o.s.s.c.ThreadPoolTaskScheduler          : Initializing ExecutorService  'defaultSockJsTaskScheduler'
2018-07-31 17:19:23.467  WARN 12248 --- [main] o.s.w.s.s.s.WebSocketHandlerMapping      : Neither 'urlMap' nor 'mappings' set on SimpleUrlHandlerMapping
2018-07-31 17:19:24.109  INFO 12248 --- [main] o.s.ui.freemarker.SpringTemplateLoader   : SpringTemplateLoader for FreeMarker: using resource loader [org.springframework.boot.context.embedded.AnnotationConfigEmbeddedWebApplicationContext@47faa49c: startup date [Tue Jul 31 17:19:18 CST 2018]; root of context hierarchy] and template loader path [classpath:/templates/]
2018-07-31 17:19:24.110  INFO 12248 --- [main] o.s.w.s.v.f.FreeMarkerConfigurer         : ClassTemplateLoader for Spring macros added to FreeMarker configuration
2018-07-31 17:19:24.149  WARN 12248 --- [main] o.s.b.a.f.FreeMarkerAutoConfiguration    : Cannot find template location(s): [classpath:/templates/] (please add some templates, check your FreeMarker configuration, or set spring.freemarker.checkTemplateLocation=false)
2018-07-31 17:19:24.303  INFO 12248 --- [main] o.s.w.s.s.s.ServerEndpointExporter       : Registering @ServerEndpoint class: class com.boot.integration.websocket.ChatRoomServerEndpoint
2018-07-31 17:19:24.317  INFO 12248 --- [main] o.s.j.e.a.AnnotationMBeanExporter        : Registering beans for JMX exposure on startup
2018-07-31 17:19:24.319  INFO 12248 --- [main] o.s.j.e.a.AnnotationMBeanExporter        : Bean with name 'dataSource' has been autodetected for JMX exposure
2018-07-31 17:19:24.325  INFO 12248 --- [main] o.s.j.e.a.AnnotationMBeanExporter        : Located MBean 'dataSource': registering with JMX server as MBean [com.alibaba.druid.pool:name=dataSource,type=DruidDataSource]
2018-07-31 17:19:24.329  INFO 12248 --- [main] o.s.c.support.DefaultLifecycleProcessor  : Starting beans in phase 2147483647
2018-07-31 17:19:24.386  INFO 12248 --- [main] s.b.c.e.t.TomcatEmbeddedServletContainer : Tomcat started on port(s): 6060 (http)
2018-07-31 17:19:24.391  INFO 12248 --- [main] c.b.integration.IntegrationApplication   : Started IntegrationApplication in 7.064 seconds (JVM running for 7.807)
